c:\users\corsair\documents\visual studio 2015\projects\win33\win33\x64\debug\win33.pdb
c:\users\corsair\documents\visual studio 2015\projects\win33\win33\x64\debug\win33.idb
c:\users\corsair\documents\visual studio 2015\projects\win33\win33\x64\debug\win33interop.obj
c:\users\corsair\documents\visual studio 2015\projects\win33\win33\x64\debug\win33keys.obj
c:\users\corsair\documents\visual studio 2015\projects\win33\win33\x64\debug\win33label.obj
c:\users\corsair\documents\visual studio 2015\projects\win33\win33\x64\debug\win33listbox.obj
c:\users\corsair\documents\visual studio 2015\projects\win33\win33\x64\debug\win33menu.obj
c:\users\corsair\documents\visual studio 2015\projects\win33\win33\x64\debug\win33menubar.obj
c:\users\corsair\documents\visual studio 2015\projects\win33\win33\x64\debug\win33menuitem.obj
c:\users\corsair\documents\visual studio 2015\projects\win33\win33\x64\debug\win33multilinetextbox.obj
c:\users\corsair\documents\visual studio 2015\projects\win33\win33\x64\debug\win33multiselectlistbox.obj
c:\users\corsair\documents\visual studio 2015\projects\win33\win33\x64\debug\win33passwordbox.obj
c:\users\corsair\documents\visual studio 2015\projects\win33\win33\x64\debug\win33point.obj
c:\users\corsair\documents\visual studio 2015\projects\win33\win33\x64\debug\win33popupbox.obj
c:\users\corsair\documents\visual studio 2015\projects\win33\win33\x64\debug\win33radiobutton.obj
c:\users\corsair\documents\visual studio 2015\projects\win33\win33\x64\debug\win33separator.obj
c:\users\corsair\documents\visual studio 2015\projects\win33\win33\x64\debug\win33size.obj
c:\users\corsair\documents\visual studio 2015\projects\win33\win33\x64\debug\win33system.obj
c:\users\corsair\documents\visual studio 2015\projects\win33\win33\x64\debug\win33textbox.obj
c:\users\corsair\documents\visual studio 2015\projects\win33\win33\x64\debug\win33trayicon.obj
c:\users\corsair\documents\visual studio 2015\projects\win33\win33\x64\debug\win33stringutilities.obj
c:\users\corsair\documents\visual studio 2015\projects\win33\win33\x64\debug\win33window.obj
c:\users\corsair\documents\visual studio 2015\projects\win33\win33\x64\debug\win33application.obj
c:\users\corsair\documents\visual studio 2015\projects\win33\win33\x64\debug\win33button.obj
c:\users\corsair\documents\visual studio 2015\projects\win33\win33\x64\debug\win33checkbox.obj
c:\users\corsair\documents\visual studio 2015\projects\win33\win33\x64\debug\win33combobox.obj
c:\users\corsair\documents\visual studio 2015\projects\win33\win33\x64\debug\win33common.obj
c:\users\corsair\documents\visual studio 2015\projects\win33\win33\x64\debug\win33console.obj
c:\users\corsair\documents\visual studio 2015\projects\win33\win33\x64\debug\win33contextmenu.obj
c:\users\corsair\documents\visual studio 2015\projects\win33\win33\x64\debug\win33control.obj
c:\users\corsair\documents\visual studio 2015\projects\win33\win33\x64\debug\win33dropdown.obj
c:\users\corsair\documents\visual studio 2015\projects\win33\win33\x64\debug\win33font.obj
c:\users\corsair\documents\visual studio 2015\projects\win33\win33\x64\debug\win33groupbox.obj
c:\users\corsair\documents\visual studio 2015\projects\win33\win33\x64\debug\win33icon.obj
c:\users\corsair\documents\visual studio 2015\projects\win33\win33\x64\debug\win33.lib
c:\users\corsair\documents\visual studio 2015\projects\win33\win33\x64\debug\win33.tlog\cl.command.1.tlog
c:\users\corsair\documents\visual studio 2015\projects\win33\win33\x64\debug\win33.tlog\cl.read.1.tlog
c:\users\corsair\documents\visual studio 2015\projects\win33\win33\x64\debug\win33.tlog\cl.write.1.tlog
c:\users\corsair\documents\visual studio 2015\projects\win33\win33\x64\debug\win33.tlog\lib-link.read.1.tlog
c:\users\corsair\documents\visual studio 2015\projects\win33\win33\x64\debug\win33.tlog\lib-link.write.1.tlog
c:\users\corsair\documents\visual studio 2015\projects\win33\win33\x64\debug\win33.tlog\lib.command.1.tlog
